{"level":"info","message":"::1 - - [07/Mar/2025:20:49:51 +0000] \"GET /log HTTP/1.1\" 304 - \"-\" \"Mozilla/5.0 (Windows NT 10.0; Win64; x64) AppleWebKit/537.36 (KHTML, like Gecko) Chrome/133.0.0.0 Safari/537.36\"","timestamp":"2025-03-07T20:49:51.366Z"}
{"level":"info","message":"::ffff:127.0.0.1 - - [07/Mar/2025:20:52:33 +0000] \"GET /log HTTP/1.1\" 304 - \"-\" \"Mozilla/5.0 (Windows NT 10.0; Win64; x64) AppleWebKit/537.36 (KHTML, like Gecko) Chrome/133.0.0.0 Safari/537.36\"","timestamp":"2025-03-07T20:52:33.829Z"}
{"level":"info","message":"::1 - - [07/Mar/2025:20:52:46 +0000] \"GET /log HTTP/1.1\" 304 - \"-\" \"Mozilla/5.0 (Windows NT 10.0; Win64; x64) AppleWebKit/537.36 (KHTML, like Gecko) Chrome/133.0.0.0 Safari/537.36\"","timestamp":"2025-03-07T20:52:46.906Z"}
{"level":"info","message":"::ffff:127.0.0.1 - - [07/Mar/2025:20:53:00 +0000] \"GET /log HTTP/1.1\" 304 - \"-\" \"Mozilla/5.0 (Windows NT 10.0; Win64; x64) AppleWebKit/537.36 (KHTML, like Gecko) Chrome/133.0.0.0 Safari/537.36\"","timestamp":"2025-03-07T20:53:00.997Z"}
{"level":"info","message":"::1 - - [07/Mar/2025:20:54:09 +0000] \"POST /user/signup HTTP/1.1\" 400 49 \"-\" \"PostmanRuntime/7.43.0\"","timestamp":"2025-03-07T20:54:09.329Z"}
{"level":"info","message":"::1 - - [11/Mar/2025:11:42:49 +0000] \"POST /user/signup HTTP/1.1\" 400 49 \"-\" \"PostmanRuntime/7.43.0\"","timestamp":"2025-03-11T11:42:49.635Z"}
{"level":"info","message":"Server started successfully!","timestamp":"2025-03-11T15:30:40.435Z"}
{"level":"info","message":"Server started successfully!","timestamp":"2025-03-11T15:31:55.233Z"}
{"level":"info","message":"Server started successfully!","timestamp":"2025-03-11T15:31:55.241Z"}
{"level":"info","message":"Server started successfully!","timestamp":"2025-03-11T15:32:07.924Z"}
{"level":"info","message":"Listening on port: 5000","timestamp":"2025-03-11T15:32:07.931Z"}
{"level":"info","message":"Server started successfully!","timestamp":"2025-03-11T15:32:26.734Z"}
{"level":"info","message":"Server started successfully!","timestamp":"2025-03-11T15:32:37.579Z"}
{"level":"info","message":"Listening on port: 5000","timestamp":"2025-03-11T15:32:37.589Z"}
Server started successfully!
Listening on port: 5000
::1 - - [11/Mar/2025:15:38:57 +0000] "POST /user/signup HTTP/1.1" 400 49 "-" "PostmanRuntime/7.43.0"
Server started successfully!
Listening on port: 5000
Server started successfully!
Listening on port: 5000
Server started successfully!
Listening on port: 5000
Server started successfully!
Listening on port: 5000
Server started successfully!
Listening on port: 5000
Server started successfully!
Listening on port: 5000
Server started successfully!
Listening on port: 5000
2025-03-11T17:58:24.233Z [info] Server started successfully!
2025-03-11T17:58:24.257Z [info] Listening on port: 5000
2025-03-11T18:04:19.448Z [[32minfo[39m] Server started successfully!
2025-03-11T18:04:19.493Z [[32minfo[39m] Listening on port: 5000
2025-03-11T18:05:25.205Z [[32minfo[39m] Server started successfully!
2025-03-11T18:05:25.238Z [[32minfo[39m] Listening on port: 5000
2025-03-11T18:07:07.505Z [[32minfo[39m] [36mServer started successfully!
2025-03-11T18:07:07.533Z [[32minfo[39m] Listening on port: 5000
2025-03-11T18:07:23.862Z [[32minfo[39m] [36mServer started successfully! log[0m
2025-03-11T18:07:23.893Z [[32minfo[39m] Listening on port: 5000
2025-03-11T18:08:01.487Z [[32minfo[39m] [32mServer started successfully! log[0m
2025-03-11T18:08:01.503Z [[32minfo[39m] Listening on port: 5000
2025-03-11T18:08:30.862Z [[32minfo[39m] [36mServer started successfully! log[0m
2025-03-11T18:08:30.885Z [[32minfo[39m] Listening on port: 5000
2025-03-11T18:08:57.734Z [[32minfo[39m] [36mServer started successfully! log[0m
2025-03-11T18:08:57.767Z [[32minfo[39m] Listening on port: 5000
2025-03-11T18:09:23.901Z [[31merror[39m] [31mDatabase connection failed! log[0m
2025-03-11T18:09:23.949Z [[32minfo[39m] Listening on port: 5000
2025-03-11T18:09:43.407Z [[32minfo[39m] [36mServer started successfully! log[0m
2025-03-11T18:09:43.440Z [[32minfo[39m] Listening on port: 5000
2025-03-11T18:10:01.962Z [[36minfo[39m] [36mServer started successfully! log[0m
2025-03-11T18:10:01.983Z [[36minfo[39m] Listening on port: 5000
2025-03-15T03:36:14.254Z [[36minfo[39m] [36mServer started successfully! log[0m
2025-03-15T03:36:14.274Z [[36minfo[39m] Listening on port: 3000
2025-03-15T03:38:03.711Z [[36minfo[39m] ::1 - - [15/Mar/2025:03:38:03 +0000] "POST /user/signup HTTP/1.1" 400 49 "-" "PostmanRuntime/7.43.0"
2025-03-15T03:38:32.504Z [[36minfo[39m] ::1 - - [15/Mar/2025:03:38:32 +0000] "POST /user/signup HTTP/1.1" 500 35 "-" "PostmanRuntime/7.43.0"
2025-03-15T03:39:16.325Z [[36minfo[39m] ::1 - - [15/Mar/2025:03:39:16 +0000] "POST /user/signup HTTP/1.1" 500 35 "-" "PostmanRuntime/7.43.0"
2025-03-15T03:40:03.323Z [[36minfo[39m] ::1 - - [15/Mar/2025:03:40:03 +0000] "POST /user/signup HTTP/1.1" 500 35 "-" "PostmanRuntime/7.43.0"
2025-03-15T03:40:24.248Z [[36minfo[39m] [36mServer started successfully! log[0m
2025-03-15T03:40:24.261Z [[36minfo[39m] Listening on port: 3000
2025-03-15T03:40:36.141Z [[36minfo[39m] ::1 - - [15/Mar/2025:03:40:36 +0000] "POST /user/signup HTTP/1.1" 500 35 "-" "PostmanRuntime/7.43.0"
2025-03-15T03:49:23.816Z [[36minfo[39m] [36mServer started successfully! log[0m
2025-03-15T03:49:23.857Z [[36minfo[39m] Listening on port: 3000
2025-03-15T03:50:06.754Z [[36minfo[39m] [36mServer started successfully! log[0m
2025-03-15T03:50:06.791Z [[36minfo[39m] Listening on port: 3000
2025-03-15T03:53:12.814Z [[36minfo[39m] [36mServer started successfully! log[0m
2025-03-15T03:53:12.840Z [[36minfo[39m] Listening on port: 3000
2025-03-15T03:53:19.123Z [[36minfo[39m] [36mServer started successfully! log[0m
2025-03-15T03:53:19.161Z [[36minfo[39m] Listening on port: 3000
2025-03-15T03:53:44.098Z [[36minfo[39m] [36mServer started successfully! log[0m
2025-03-15T03:53:44.133Z [[36minfo[39m] Listening on port: 3000
2025-03-15T03:54:10.725Z [[36minfo[39m] ::1 - - [15/Mar/2025:03:54:10 +0000] "POST /user/signup HTTP/1.1" 500 35 "-" "PostmanRuntime/7.43.0"
2025-03-15T03:54:32.643Z [[36minfo[39m] [36mServer started successfully! log[0m
2025-03-15T03:54:32.670Z [[36minfo[39m] Listening on port: 3000
2025-03-15T03:54:42.278Z [[36minfo[39m] ::1 - - [15/Mar/2025:03:54:42 +0000] "POST /user/signup HTTP/1.1" 500 35 "-" "PostmanRuntime/7.43.0"
2025-03-15T03:57:44.362Z [[36minfo[39m] ::1 - - [15/Mar/2025:03:57:44 +0000] "POST /user/signup HTTP/1.1" 201 689 "-" "PostmanRuntime/7.43.0"
2025-03-15T03:58:40.651Z [[36minfo[39m] [36mServer started successfully! log[0m
2025-03-15T03:58:40.670Z [[36minfo[39m] Listening on port: 3000
2025-03-15T03:59:02.049Z [[36minfo[39m] [36mServer started successfully! log[0m
2025-03-15T03:59:02.064Z [[36minfo[39m] Listening on port: 3000
2025-03-15T03:59:19.370Z [[36minfo[39m] [36mServer started successfully! log[0m
2025-03-15T03:59:19.386Z [[36minfo[39m] Listening on port: 3000
2025-03-15T03:59:39.773Z [[36minfo[39m] [36mServer started successfully! log[0m
2025-03-15T03:59:39.806Z [[36minfo[39m] Listening on port: 3000
2025-03-15T03:59:49.084Z [[36minfo[39m] [36mServer started successfully! log[0m
2025-03-15T03:59:49.147Z [[36minfo[39m] Listening on port: 3000
2025-03-15T04:00:57.969Z [[36minfo[39m] [36mServer started successfully! log[0m
2025-03-15T04:00:57.985Z [[36minfo[39m] Listening on port: 3000
2025-03-15T04:05:36.844Z [[36minfo[39m] [36mServer started successfully! log[0m
2025-03-15T04:05:36.861Z [[36minfo[39m] Listening on port: 3000
2025-03-15T04:10:45.447Z [[36minfo[39m] [36mServer started successfully! log[0m
2025-03-15T04:10:45.467Z [[36minfo[39m] Listening on port: 3000
2025-03-15T04:11:05.336Z [[36minfo[39m] [36mServer started successfully! log[0m
2025-03-15T04:11:05.365Z [[36minfo[39m] Listening on port: 3000
2025-03-15T04:11:15.393Z [[36minfo[39m] [36mServer started successfully! log[0m
2025-03-15T04:11:15.416Z [[36minfo[39m] Listening on port: 3000
2025-03-15T04:11:41.901Z [[36minfo[39m] [36mServer started successfully! log[0m
2025-03-15T04:11:41.920Z [[36minfo[39m] Listening on port: 3000
2025-03-15T04:11:51.382Z [[36minfo[39m] [36mServer started successfully! log[0m
2025-03-15T04:11:51.407Z [[36minfo[39m] Listening on port: 3000
2025-03-15T04:12:01.932Z [[36minfo[39m] [36mServer started successfully! log[0m
2025-03-15T04:12:01.956Z [[36minfo[39m] Listening on port: 3000
2025-03-15T04:12:45.331Z [[36minfo[39m] [36mServer started successfully! log[0m
2025-03-15T04:12:45.350Z [[36minfo[39m] Listening on port: 3000
2025-03-15T04:13:34.922Z [[36minfo[39m] [36mServer started successfully! log[0m
2025-03-15T04:13:34.935Z [[36minfo[39m] Listening on port: 3000
2025-03-15T04:13:45.929Z [[36minfo[39m] [36mServer started successfully! log[0m
2025-03-15T04:13:45.946Z [[36minfo[39m] Listening on port: 3000
2025-03-15T04:14:06.776Z [[36minfo[39m] [36mServer started successfully! log[0m
2025-03-15T04:14:06.807Z [[36minfo[39m] Listening on port: 3000
2025-03-15T04:14:21.415Z [[36minfo[39m] [36mServer started successfully! log[0m
2025-03-15T04:14:21.444Z [[36minfo[39m] Listening on port: 3000
2025-03-15T04:14:30.808Z [[36minfo[39m] [36mServer started successfully! log[0m
2025-03-15T04:14:30.825Z [[36minfo[39m] Listening on port: 3000
2025-03-15T04:14:49.223Z [[36minfo[39m] [36mServer started successfully! log[0m
2025-03-15T04:14:49.263Z [[36minfo[39m] Listening on port: 3000
2025-03-15T04:15:13.008Z [[36minfo[39m] [36mServer started successfully! log[0m
2025-03-15T04:15:13.024Z [[36minfo[39m] Listening on port: 3000
2025-03-15T04:15:42.569Z [[36minfo[39m] [36mServer started successfully! log[0m
2025-03-15T04:15:42.601Z [[36minfo[39m] Listening on port: 3000
2025-03-15T04:15:52.450Z [[36minfo[39m] [36mServer started successfully! log[0m
2025-03-15T04:15:52.468Z [[36minfo[39m] Listening on port: 3000
2025-03-15T04:16:05.236Z [[36minfo[39m] [36mServer started successfully! log[0m
2025-03-15T04:16:05.263Z [[36minfo[39m] Listening on port: 3000
2025-03-15T04:16:26.069Z [[36minfo[39m] [36mServer started successfully! log[0m
2025-03-15T04:16:26.116Z [[36minfo[39m] Listening on port: 3000
2025-03-15T04:18:01.054Z [[36minfo[39m] [36mServer started successfully! log[0m
2025-03-15T04:18:01.074Z [[36minfo[39m] Listening on port: 3000
2025-03-15T04:19:23.857Z [[36minfo[39m] [36mServer started successfully! log[0m
2025-03-15T04:19:23.894Z [[36minfo[39m] Listening on port: 3000
2025-03-15T04:20:33.140Z [[36minfo[39m] [36mServer started successfully! log[0m
2025-03-15T04:20:33.180Z [[36minfo[39m] Listening on port: 3000
2025-03-15T04:21:17.376Z [[36minfo[39m] [36mServer started successfully! log[0m
2025-03-15T04:21:17.417Z [[36minfo[39m] Listening on port: 3000
2025-03-15T04:23:01.245Z [[36minfo[39m] [36mServer started successfully! log[0m
2025-03-15T04:23:01.256Z [[36minfo[39m] Listening on port: 3000
2025-03-15T06:28:38.835Z [[36minfo[39m] [36mServer started successfully! log[0m
2025-03-15T06:28:38.860Z [[36minfo[39m] Listening on port: 3000
2025-03-15T06:29:15.444Z [[36minfo[39m] [36mServer started successfully! log[0m
2025-03-15T06:29:15.461Z [[36minfo[39m] Listening on port: 3000
2025-03-15T06:29:22.905Z [[36minfo[39m] [36mServer started successfully! log[0m
2025-03-15T06:29:22.935Z [[36minfo[39m] Listening on port: 3000
2025-03-15T06:31:04.797Z [[36minfo[39m] [36mServer started successfully! log[0m
2025-03-15T06:31:04.821Z [[36minfo[39m] Listening on port: 3000
2025-03-15T06:31:43.998Z [[36minfo[39m] [36mServer started successfully! log[0m
2025-03-15T06:31:44.024Z [[36minfo[39m] Listening on port: 3000
2025-03-15T06:31:54.853Z [[36minfo[39m] [36mServer started successfully! log[0m
2025-03-15T06:31:54.894Z [[36minfo[39m] Listening on port: 3000
2025-03-15T06:32:45.376Z [[36minfo[39m] [36mServer started successfully! log[0m
2025-03-15T06:32:45.424Z [[36minfo[39m] Listening on port: 3000
2025-03-15T06:44:08.241Z [[36minfo[39m] [36mServer started successfully! log[0m
2025-03-15T06:44:08.265Z [[36minfo[39m] Listening on port: 3000
2025-03-15T06:44:29.291Z [[36minfo[39m] ::1 - - [15/Mar/2025:06:44:29 +0000] "POST /user/login HTTP/1.1" 400 37 "-" "PostmanRuntime/7.43.0"
2025-03-15T06:45:25.267Z [[36minfo[39m] ::1 - - [15/Mar/2025:06:45:25 +0000] "POST /user/login HTTP/1.1" 400 31 "-" "PostmanRuntime/7.43.0"
2025-03-15T06:45:39.519Z [[36minfo[39m] ::1 - - [15/Mar/2025:06:45:39 +0000] "POST /user/login HTTP/1.1" 400 39 "-" "PostmanRuntime/7.43.0"
2025-03-15T06:46:33.285Z [[36minfo[39m] ::1 - - [15/Mar/2025:06:46:33 +0000] "POST /user/login HTTP/1.1" 400 39 "-" "PostmanRuntime/7.43.0"
2025-03-15T06:47:29.625Z [[36minfo[39m] [36mServer started successfully! log[0m
2025-03-15T06:47:29.639Z [[36minfo[39m] Listening on port: 3000
2025-03-15T06:47:45.129Z [[36minfo[39m] ::1 - - [15/Mar/2025:06:47:45 +0000] "POST /user/login HTTP/1.1" 400 39 "-" "PostmanRuntime/7.43.0"
2025-03-15T06:48:40.561Z [[36minfo[39m] ::1 - - [15/Mar/2025:06:48:40 +0000] "POST /user/signup HTTP/1.1" 500 35 "-" "PostmanRuntime/7.43.0"
2025-03-15T06:49:12.202Z [[36minfo[39m] ::1 - - [15/Mar/2025:06:49:12 +0000] "POST /user/signup HTTP/1.1" 201 679 "-" "PostmanRuntime/7.43.0"
2025-03-15T06:49:51.716Z [[36minfo[39m] ::1 - - [15/Mar/2025:06:49:51 +0000] "POST /user/login HTTP/1.1" 400 12 "-" "PostmanRuntime/7.43.0"
2025-03-15T06:50:15.488Z [[36minfo[39m] ::1 - - [15/Mar/2025:06:50:15 +0000] "POST /user/login HTTP/1.1" 400 12 "-" "PostmanRuntime/7.43.0"
2025-03-15T06:50:50.831Z [[36minfo[39m] [36mServer started successfully! log[0m
2025-03-15T06:50:50.847Z [[36minfo[39m] Listening on port: 3000
2025-03-15T06:53:48.257Z [[36minfo[39m] ::1 - - [15/Mar/2025:06:53:48 +0000] "POST /user/login HTTP/1.1" 400 12 "-" "PostmanRuntime/7.43.0"
2025-03-15T06:54:25.202Z [[36minfo[39m] [36mServer started successfully! log[0m
2025-03-15T06:54:25.231Z [[36minfo[39m] Listening on port: 3000
2025-03-15T06:55:23.513Z [[36minfo[39m] [36mServer started successfully! log[0m
2025-03-15T06:55:23.526Z [[36minfo[39m] Listening on port: 3000
2025-03-15T06:56:00.075Z [[36minfo[39m] [36mServer started successfully! log[0m
2025-03-15T06:56:00.097Z [[36minfo[39m] Listening on port: 3000
2025-03-15T06:56:08.882Z [[36minfo[39m] ::1 - - [15/Mar/2025:06:56:08 +0000] "POST /user/login HTTP/1.1" 200 228 "-" "PostmanRuntime/7.43.0"
2025-03-15T06:56:38.143Z [[36minfo[39m] [36mServer started successfully! log[0m
2025-03-15T06:56:38.165Z [[36minfo[39m] Listening on port: 3000
2025-03-15T07:04:50.470Z [[36minfo[39m] [36mServer started successfully! log[0m
2025-03-15T07:04:50.493Z [[36minfo[39m] Listening on port: 3000
2025-03-15T07:06:04.716Z [[36minfo[39m] [36mServer started successfully! log[0m
2025-03-15T07:06:04.755Z [[36minfo[39m] Listening on port: 3000
2025-03-15T07:06:18.241Z [[36minfo[39m] ::1 - - [15/Mar/2025:07:06:18 +0000] "POST /user/login HTTP/1.1" 400 12 "-" "PostmanRuntime/7.43.0"
2025-03-15T07:06:30.581Z [[36minfo[39m] ::1 - - [15/Mar/2025:07:06:30 +0000] "POST /user/login HTTP/1.1" 400 12 "-" "PostmanRuntime/7.43.0"
2025-03-15T07:07:14.674Z [[36minfo[39m] [36mServer started successfully! log[0m
2025-03-15T07:07:14.703Z [[36minfo[39m] Listening on port: 3000
2025-03-15T07:10:29.566Z [[36minfo[39m] [36mServer started successfully! log[0m
2025-03-15T07:10:29.594Z [[36minfo[39m] Listening on port: 3000
2025-03-15T07:11:41.832Z [[36minfo[39m] [36mServer started successfully! log[0m
2025-03-15T07:11:41.871Z [[36minfo[39m] Listening on port: 3000
2025-03-15T07:13:06.342Z [[36minfo[39m] [36mServer started successfully! log[0m
2025-03-15T07:13:06.371Z [[36minfo[39m] Listening on port: 3000
2025-03-15T07:13:15.194Z [[36minfo[39m] [36mServer started successfully! log[0m
2025-03-15T07:13:15.219Z [[36minfo[39m] Listening on port: 3000
2025-03-15T07:13:37.187Z [[36minfo[39m] [36mServer started successfully! log[0m
2025-03-15T07:13:37.275Z [[36minfo[39m] Listening on port: 3000
2025-03-15T07:13:47.232Z [[36minfo[39m] [36mServer started successfully! log[0m
2025-03-15T07:13:47.250Z [[36minfo[39m] Listening on port: 3000
2025-03-15T07:13:58.590Z [[36minfo[39m] [36mServer started successfully! log[0m
2025-03-15T07:13:58.617Z [[36minfo[39m] Listening on port: 3000
2025-03-15T07:14:48.056Z [[36minfo[39m] [36mServer started successfully! log[0m
2025-03-15T07:14:48.073Z [[36minfo[39m] Listening on port: 3000
2025-03-15T07:15:49.117Z [[36minfo[39m] [36mServer started successfully! log[0m
2025-03-15T07:15:49.144Z [[36minfo[39m] Listening on port: 3000
2025-03-15T07:16:58.953Z [[36minfo[39m] [36mServer started successfully! log[0m
2025-03-15T07:16:58.960Z [[36minfo[39m] Listening on port: 3000
2025-03-15T07:17:07.749Z [[36minfo[39m] [36mServer started successfully! log[0m
2025-03-15T07:17:07.759Z [[36minfo[39m] Listening on port: 3000
2025-03-15T07:17:41.098Z [[36minfo[39m] [36mServer started successfully! log[0m
2025-03-15T07:17:41.108Z [[36minfo[39m] Listening on port: 3000
2025-03-15T07:17:44.535Z [[36minfo[39m] [36mServer started successfully! log[0m
2025-03-15T07:17:44.541Z [[36minfo[39m] Listening on port: 3000
2025-03-15T07:18:07.775Z [[36minfo[39m] [36mServer started successfully! log[0m
2025-03-15T07:18:07.782Z [[36minfo[39m] Listening on port: 3000
2025-03-15T07:19:14.254Z [[36minfo[39m] [36mServer started successfully! log[0m
2025-03-15T07:19:14.261Z [[36minfo[39m] Listening on port: 3000
2025-03-15T07:19:31.468Z [[36minfo[39m] [36mServer started successfully! log[0m
2025-03-15T07:19:31.474Z [[36minfo[39m] Listening on port: 3000
2025-03-15T07:20:16.248Z [[36minfo[39m] ::1 - - [15/Mar/2025:07:20:16 +0000] "POST /user/logout HTTP/1.1" 200 42 "-" "PostmanRuntime/7.43.0"
2025-03-15T07:20:31.088Z [[36minfo[39m] ::1 - - [15/Mar/2025:07:20:31 +0000] "POST /user/login HTTP/1.1" 400 12 "-" "PostmanRuntime/7.43.0"
2025-03-15T07:23:29.870Z [[36minfo[39m] [36mServer started successfully! log[0m
2025-03-15T07:23:29.878Z [[36minfo[39m] Listening on port: 3000
2025-03-15T07:23:53.677Z [[36minfo[39m] ::1 - - [15/Mar/2025:07:23:53 +0000] "POST /user/login HTTP/1.1" 400 12 "-" "PostmanRuntime/7.43.0"
2025-03-15T07:24:59.429Z [[36minfo[39m] [36mServer started successfully! log[0m
2025-03-15T07:24:59.436Z [[36minfo[39m] Listening on port: 3000
2025-03-15T07:25:10.988Z [[36minfo[39m] [36mServer started successfully! log[0m
2025-03-15T07:25:10.996Z [[36minfo[39m] Listening on port: 3000
2025-03-15T07:26:00.855Z [[36minfo[39m] ::1 - - [15/Mar/2025:07:26:00 +0000] "POST /user/login HTTP/1.1" 400 12 "-" "PostmanRuntime/7.43.0"
2025-03-15T07:28:29.815Z [[36minfo[39m] [36mServer started successfully! log[0m
2025-03-15T07:28:29.821Z [[36minfo[39m] Listening on port: 3000
2025-03-15T07:28:45.074Z [[36minfo[39m] [36mServer started successfully! log[0m
2025-03-15T07:28:45.083Z [[36minfo[39m] Listening on port: 3000
2025-03-15T07:28:48.542Z [[36minfo[39m] [36mServer started successfully! log[0m
2025-03-15T07:28:48.557Z [[36minfo[39m] Listening on port: 3000
2025-03-15T07:28:58.163Z [[36minfo[39m] [36mServer started successfully! log[0m
2025-03-15T07:28:58.188Z [[36minfo[39m] Listening on port: 3000
2025-03-15T07:29:03.348Z [[36minfo[39m] ::1 - - [15/Mar/2025:07:29:03 +0000] "POST /user/login HTTP/1.1" 400 12 "-" "PostmanRuntime/7.43.0"
2025-03-15T07:29:26.549Z [[36minfo[39m] [36mServer started successfully! log[0m
2025-03-15T07:29:26.557Z [[36minfo[39m] Listening on port: 3000
2025-03-15T07:29:35.773Z [[36minfo[39m] [36mServer started successfully! log[0m
2025-03-15T07:29:35.781Z [[36minfo[39m] Listening on port: 3000
2025-03-15T07:29:46.866Z [[36minfo[39m] [36mServer started successfully! log[0m
2025-03-15T07:29:46.875Z [[36minfo[39m] Listening on port: 3000
2025-03-15T07:30:04.832Z [[36minfo[39m] [36mServer started successfully! log[0m
2025-03-15T07:30:04.844Z [[36minfo[39m] Listening on port: 3000
2025-03-15T07:30:06.568Z [[36minfo[39m] ::1 - - [15/Mar/2025:07:30:06 +0000] "POST /user/logout HTTP/1.1" 200 42 "-" "PostmanRuntime/7.43.0"
2025-03-15T07:30:21.149Z [[36minfo[39m] [36mServer started successfully! log[0m
2025-03-15T07:30:21.157Z [[36minfo[39m] Listening on port: 3000
2025-03-15T07:31:00.366Z [[36minfo[39m] ::1 - - [15/Mar/2025:07:31:00 +0000] "POST /user/login HTTP/1.1" 400 12 "-" "PostmanRuntime/7.43.0"
2025-03-15T07:31:07.297Z [[36minfo[39m] ::1 - - [15/Mar/2025:07:31:07 +0000] "POST /user/logout HTTP/1.1" - - "-" "PostmanRuntime/7.43.0"
2025-03-15T07:33:43.292Z [[36minfo[39m] [36mServer started successfully! log[0m
2025-03-15T07:33:43.299Z [[36minfo[39m] Listening on port: 3000
2025-03-15T07:34:55.230Z [[36minfo[39m] [36mServer started successfully! log[0m
2025-03-15T07:34:55.239Z [[36minfo[39m] Listening on port: 3000
2025-03-15T07:35:06.616Z [[36minfo[39m] [36mServer started successfully! log[0m
2025-03-15T07:35:06.678Z [[36minfo[39m] Listening on port: 3000
2025-03-15T07:35:11.986Z [[36minfo[39m] [36mServer started successfully! log[0m
2025-03-15T07:35:12.004Z [[36minfo[39m] Listening on port: 3000
2025-03-15T07:35:15.637Z [[36minfo[39m] [36mServer started successfully! log[0m
2025-03-15T07:35:15.651Z [[36minfo[39m] Listening on port: 3000
2025-03-15T07:35:34.945Z [[36minfo[39m] ::1 - - [15/Mar/2025:07:35:34 +0000] "POST /user/login HTTP/1.1" 400 12 "-" "PostmanRuntime/7.43.0"
2025-03-15T07:35:44.464Z [[36minfo[39m] ::1 - - [15/Mar/2025:07:35:44 +0000] "POST /user/logout HTTP/1.1" - - "-" "PostmanRuntime/7.43.0"
2025-03-15T07:35:48.381Z [[36minfo[39m] ::1 - - [15/Mar/2025:07:35:48 +0000] "POST /user/login HTTP/1.1" 400 12 "-" "PostmanRuntime/7.43.0"
2025-03-15T07:35:53.828Z [[36minfo[39m] ::1 - - [15/Mar/2025:07:35:53 +0000] "POST /user/login HTTP/1.1" 400 12 "-" "PostmanRuntime/7.43.0"
2025-03-15T07:39:52.453Z [[36minfo[39m] [36mServer started successfully! log[0m
2025-03-15T07:39:52.460Z [[36minfo[39m] Listening on port: 3000
2025-03-15T07:40:06.348Z [[36minfo[39m] [36mServer started successfully! log[0m
2025-03-15T07:40:06.358Z [[36minfo[39m] Listening on port: 3000
2025-03-15T07:40:07.812Z [[36minfo[39m] ::1 - - [15/Mar/2025:07:40:07 +0000] "POST /user/login HTTP/1.1" 400 12 "-" "PostmanRuntime/7.43.0"
2025-03-15T07:41:21.827Z [[36minfo[39m] [36mServer started successfully! log[0m
2025-03-15T07:41:21.834Z [[36minfo[39m] Listening on port: 3000
2025-03-15T07:42:14.799Z [[36minfo[39m] ::1 - - [15/Mar/2025:07:42:14 +0000] "POST /user/login HTTP/1.1" 400 12 "-" "PostmanRuntime/7.43.0"
2025-03-15T07:43:37.612Z [[36minfo[39m] [36mServer started successfully! log[0m
2025-03-15T07:43:37.619Z [[36minfo[39m] Listening on port: 3000
2025-03-15T07:43:41.333Z [[36minfo[39m] ::1 - - [15/Mar/2025:07:43:41 +0000] "POST /user/login HTTP/1.1" 400 12 "-" "PostmanRuntime/7.43.0"
2025-03-15T07:44:50.829Z [[36minfo[39m] [36mServer started successfully! log[0m
2025-03-15T07:44:50.837Z [[36minfo[39m] Listening on port: 3000
2025-03-15T07:44:53.901Z [[36minfo[39m] ::1 - - [15/Mar/2025:07:44:53 +0000] "POST /user/login HTTP/1.1" 200 228 "-" "PostmanRuntime/7.43.0"
2025-03-15T07:45:09.307Z [[36minfo[39m] [36mServer started successfully! log[0m
2025-03-15T07:45:09.317Z [[36minfo[39m] Listening on port: 3000
2025-03-15T07:45:43.596Z [[36minfo[39m] [36mServer started successfully! log[0m
2025-03-15T07:45:43.608Z [[36minfo[39m] Listening on port: 3000
2025-03-15T07:46:01.427Z [[36minfo[39m] [36mServer started successfully! log[0m
2025-03-15T07:46:01.434Z [[36minfo[39m] Listening on port: 3000
2025-03-15T07:46:03.042Z [[36minfo[39m] ::1 - - [15/Mar/2025:07:46:03 +0000] "POST /user/login HTTP/1.1" 400 12 "-" "PostmanRuntime/7.43.0"
2025-03-15T07:46:39.874Z [[36minfo[39m] [36mServer started successfully! log[0m
2025-03-15T07:46:39.888Z [[36minfo[39m] Listening on port: 3000
2025-03-15T07:46:41.641Z [[36minfo[39m] ::1 - - [15/Mar/2025:07:46:41 +0000] "POST /user/login HTTP/1.1" 200 228 "-" "PostmanRuntime/7.43.0"
2025-03-15T07:48:45.033Z [[36minfo[39m] [36mServer started successfully! log[0m
2025-03-15T07:48:45.041Z [[36minfo[39m] Listening on port: 3000
2025-03-15T07:50:04.628Z [[36minfo[39m] [36mServer started successfully! log[0m
2025-03-15T07:50:04.643Z [[36minfo[39m] Listening on port: 3000
2025-03-15T07:51:22.390Z [[36minfo[39m] [36mServer started successfully! log[0m
2025-03-15T07:51:22.404Z [[36minfo[39m] Listening on port: 3000
